<?xml version="1.0" encoding="UTF-8"?>
<!-- Generated by org.testng.reporters.JUnitXMLReporter -->
<testsuite ignored="0" hostname="Saran" failures="0" tests="4" name="FHIR API Tests" time="24.893" errors="0" timestamp="2025-09-01T21:10:19 IST">
  <testcase classname="tests.ConditionTest" name="testCreateAndSearchCondition" time="9.451"/>
  <testcase classname="tests.PatientTest" name="testCreatePatient" time="0.952"/>
  <testcase classname="tests.AppointmentTest" name="testCreateAndSearchAppointment" time="7.566"/>
  <testcase classname="tests.EncounterTest" name="testCreateAndSearchEncounter" time="6.117"/>
</testsuite> <!-- FHIR API Tests -->
