<?xml version="1.0" encoding="UTF-8"?>
<testsuite xmlns:xsi="http://www.w3.org/2001/XMLSchema-instance" xsi:noNamespaceSchemaLocation="https://maven.apache.org/surefire/maven-surefire-plugin/xsd/surefire-test-report-3.0.xsd" version="3.0" name="TestSuite" time="26.027" tests="4" errors="0" skipped="0" failures="0">
  <properties>
[...]
</properties>
  <testcase name="testCreateAndSearchCondition" classname="tests.ConditionTest" time="9.547">
    <system-err><![CDATA[SLF4J(W): No SLF4J providers were found.
SLF4J(W): Defaulting to no-operation (NOP) logger implementation
SLF4J(W): See https://www.slf4j.org/codes.html#noProviders for further details.
]]></system-err>
  </testcase>
  <testcase name="testCreatePatient" classname="tests.PatientTest" time="0.96">
    <system-out><![CDATA[Created Patient ID: 48950587
]]></system-out>
  </testcase>
  <testcase name="testCreateAndSearchAppointment" classname="tests.AppointmentTest" time="7.566"/>
  <testcase name="testCreateAndSearchEncounter" classname="tests.EncounterTest" time="6.124"/>
</testsuite>